Number of observations after filtering: 16009 
N_event (market units): 264 
N_tophold: 3197 
N_year: 2 

SAMPLING FOR MODEL 'anon_model' NOW (CHAIN 1).

SAMPLING FOR MODEL 'anon_model' NOW (CHAIN 2).

SAMPLING FOR MODEL 'anon_model' NOW (CHAIN 3).

SAMPLING FOR MODEL 'anon_model' NOW (CHAIN 4).
Chain 1: 
Chain 1: Gradient evaluation took 0.004797 seconds
Chain 1: 1000 transitions using 10 leapfrog steps per transition would take 47.97 seconds.
Chain 1: Adjust your expectations accordingly!
Chain 1: 
Chain 1: 
Chain 4: 
Chain 4: Gradient evaluation took 0.003954 seconds
Chain 4: 1000 transitions using 10 leapfrog steps per transition would take 39.54 seconds.
Chain 4: Adjust your expectations accordingly!
Chain 4: 
Chain 4: 
Chain 2: 
Chain 2: Gradient evaluation took 0.004211 seconds
Chain 2: 1000 transitions using 10 leapfrog steps per transition would take 42.11 seconds.
Chain 2: Adjust your expectations accordingly!
Chain 2: 
Chain 2: 
Chain 3: 
Chain 3: Gradient evaluation took 0.004003 seconds
Chain 3: 1000 transitions using 10 leapfrog steps per transition would take 40.03 seconds.
Chain 3: Adjust your expectations accordingly!
Chain 3: 
Chain 3: 
Chain 1: Iteration:    1 / 7000 [  0%]  (Warmup)
Chain 4: Iteration:    1 / 7000 [  0%]  (Warmup)
Chain 2: Iteration:    1 / 7000 [  0%]  (Warmup)
Chain 3: Iteration:    1 / 7000 [  0%]  (Warmup)
Chain 2: Iteration:  700 / 7000 [ 10%]  (Warmup)
Chain 3: Iteration:  700 / 7000 [ 10%]  (Warmup)
Chain 4: Iteration:  700 / 7000 [ 10%]  (Warmup)
Chain 1: Iteration:  700 / 7000 [ 10%]  (Warmup)
Chain 3: Iteration: 1400 / 7000 [ 20%]  (Warmup)
Chain 2: Iteration: 1400 / 7000 [ 20%]  (Warmup)
Chain 3: Iteration: 1501 / 7000 [ 21%]  (Sampling)
Chain 4: Iteration: 1400 / 7000 [ 20%]  (Warmup)
Chain 1: Iteration: 1400 / 7000 [ 20%]  (Warmup)
Chain 2: Iteration: 1501 / 7000 [ 21%]  (Sampling)
Chain 1: Iteration: 1501 / 7000 [ 21%]  (Sampling)
Chain 4: Iteration: 1501 / 7000 [ 21%]  (Sampling)
Chain 3: Iteration: 2200 / 7000 [ 31%]  (Sampling)
Chain 2: Iteration: 2200 / 7000 [ 31%]  (Sampling)
Chain 1: Iteration: 2200 / 7000 [ 31%]  (Sampling)
Chain 4: Iteration: 2200 / 7000 [ 31%]  (Sampling)
Chain 3: Iteration: 2900 / 7000 [ 41%]  (Sampling)
Chain 2: Iteration: 2900 / 7000 [ 41%]  (Sampling)
Chain 1: Iteration: 2900 / 7000 [ 41%]  (Sampling)
Chain 4: Iteration: 2900 / 7000 [ 41%]  (Sampling)
Chain 3: Iteration: 3600 / 7000 [ 51%]  (Sampling)
Chain 2: Iteration: 3600 / 7000 [ 51%]  (Sampling)
Chain 1: Iteration: 3600 / 7000 [ 51%]  (Sampling)
Chain 4: Iteration: 3600 / 7000 [ 51%]  (Sampling)
Chain 3: Iteration: 4300 / 7000 [ 61%]  (Sampling)
Chain 2: Iteration: 4300 / 7000 [ 61%]  (Sampling)
Chain 1: Iteration: 4300 / 7000 [ 61%]  (Sampling)
Chain 4: Iteration: 4300 / 7000 [ 61%]  (Sampling)
Chain 3: Iteration: 5000 / 7000 [ 71%]  (Sampling)
Chain 2: Iteration: 5000 / 7000 [ 71%]  (Sampling)
Chain 1: Iteration: 5000 / 7000 [ 71%]  (Sampling)
Chain 4: Iteration: 5000 / 7000 [ 71%]  (Sampling)
Chain 3: Iteration: 5700 / 7000 [ 81%]  (Sampling)
Chain 2: Iteration: 5700 / 7000 [ 81%]  (Sampling)
Chain 1: Iteration: 5700 / 7000 [ 81%]  (Sampling)
Chain 4: Iteration: 5700 / 7000 [ 81%]  (Sampling)
Chain 3: Iteration: 6400 / 7000 [ 91%]  (Sampling)
Chain 2: Iteration: 6400 / 7000 [ 91%]  (Sampling)
Chain 1: Iteration: 6400 / 7000 [ 91%]  (Sampling)
Chain 4: Iteration: 6400 / 7000 [ 91%]  (Sampling)
Chain 3: Iteration: 7000 / 7000 [100%]  (Sampling)
Chain 3: 
Chain 3:  Elapsed Time: 3620.67 seconds (Warm-up)
Chain 3:                12277.7 seconds (Sampling)
Chain 3:                15898.4 seconds (Total)
Chain 3: 
Chain 2: Iteration: 7000 / 7000 [100%]  (Sampling)
Chain 2: 
Chain 2:  Elapsed Time: 3765.37 seconds (Warm-up)
Chain 2:                12254.9 seconds (Sampling)
Chain 2:                16020.3 seconds (Total)
Chain 2: 
Chain 1: Iteration: 7000 / 7000 [100%]  (Sampling)
Chain 1: 
Chain 1:  Elapsed Time: 3925.35 seconds (Warm-up)
Chain 1:                12683.2 seconds (Sampling)
Chain 1:                16608.5 seconds (Total)
Chain 1: 
Chain 4: Iteration: 7000 / 7000 [100%]  (Sampling)
Chain 4: 
Chain 4:  Elapsed Time: 3952.36 seconds (Warm-up)
Chain 4:                12688.8 seconds (Sampling)
Chain 4:                16641.2 seconds (Total)
Chain 4: 
      user     system    elapsed 
422746.760   5724.093  16793.024 
Iteration: 1
Iteration: 2
Average number of negative predicted margins per draw: 0 
Model 1 completed successfully at Mon Jan 19 22:53:01 EST 2026
