Number of observations after filtering: 16009 
N_event (market units): 264 
N_tophold: 3197 
N_year: 2 

SAMPLING FOR MODEL 'anon_model' NOW (CHAIN 1).

SAMPLING FOR MODEL 'anon_model' NOW (CHAIN 2).

SAMPLING FOR MODEL 'anon_model' NOW (CHAIN 3).

SAMPLING FOR MODEL 'anon_model' NOW (CHAIN 4).
Chain 3: 
Chain 3: Gradient evaluation took 0.004804 seconds
Chain 3: 1000 transitions using 10 leapfrog steps per transition would take 48.04 seconds.
Chain 3: Adjust your expectations accordingly!
Chain 3: 
Chain 3: 
Chain 2: 
Chain 2: Gradient evaluation took 0.004461 seconds
Chain 2: 1000 transitions using 10 leapfrog steps per transition would take 44.61 seconds.
Chain 2: Adjust your expectations accordingly!
Chain 2: 
Chain 2: 
Chain 4: 
Chain 4: Gradient evaluation took 0.004267 seconds
Chain 4: 1000 transitions using 10 leapfrog steps per transition would take 42.67 seconds.
Chain 4: Adjust your expectations accordingly!
Chain 4: 
Chain 4: 
Chain 3: Iteration:    1 / 7000 [  0%]  (Warmup)
Chain 2: Iteration:    1 / 7000 [  0%]  (Warmup)
Chain 4: Iteration:    1 / 7000 [  0%]  (Warmup)
Chain 1: 
Chain 1: Gradient evaluation took 0.005428 seconds
Chain 1: 1000 transitions using 10 leapfrog steps per transition would take 54.28 seconds.
Chain 1: Adjust your expectations accordingly!
Chain 1: 
Chain 1: 
Chain 1: Iteration:    1 / 7000 [  0%]  (Warmup)
Chain 3: Iteration:  700 / 7000 [ 10%]  (Warmup)
Chain 1: Iteration:  700 / 7000 [ 10%]  (Warmup)
Chain 2: Iteration:  700 / 7000 [ 10%]  (Warmup)
Chain 4: Iteration:  700 / 7000 [ 10%]  (Warmup)
Chain 3: Iteration: 1400 / 7000 [ 20%]  (Warmup)
Chain 1: Iteration: 1400 / 7000 [ 20%]  (Warmup)
Chain 2: Iteration: 1400 / 7000 [ 20%]  (Warmup)
Chain 4: Iteration: 1400 / 7000 [ 20%]  (Warmup)
Chain 3: Iteration: 1501 / 7000 [ 21%]  (Sampling)
Chain 2: Iteration: 1501 / 7000 [ 21%]  (Sampling)
Chain 4: Iteration: 1501 / 7000 [ 21%]  (Sampling)
Chain 1: Iteration: 1501 / 7000 [ 21%]  (Sampling)
Chain 3: Iteration: 2200 / 7000 [ 31%]  (Sampling)
Chain 2: Iteration: 2200 / 7000 [ 31%]  (Sampling)
Chain 4: Iteration: 2200 / 7000 [ 31%]  (Sampling)
Chain 1: Iteration: 2200 / 7000 [ 31%]  (Sampling)
Chain 3: Iteration: 2900 / 7000 [ 41%]  (Sampling)
Chain 2: Iteration: 2900 / 7000 [ 41%]  (Sampling)
Chain 4: Iteration: 2900 / 7000 [ 41%]  (Sampling)
Chain 1: Iteration: 2900 / 7000 [ 41%]  (Sampling)
Chain 3: Iteration: 3600 / 7000 [ 51%]  (Sampling)
Chain 2: Iteration: 3600 / 7000 [ 51%]  (Sampling)
Chain 4: Iteration: 3600 / 7000 [ 51%]  (Sampling)
Chain 1: Iteration: 3600 / 7000 [ 51%]  (Sampling)
Chain 3: Iteration: 4300 / 7000 [ 61%]  (Sampling)
Chain 2: Iteration: 4300 / 7000 [ 61%]  (Sampling)
Chain 4: Iteration: 4300 / 7000 [ 61%]  (Sampling)
Chain 1: Iteration: 4300 / 7000 [ 61%]  (Sampling)
Chain 3: Iteration: 5000 / 7000 [ 71%]  (Sampling)
Chain 2: Iteration: 5000 / 7000 [ 71%]  (Sampling)
Chain 1: Iteration: 5000 / 7000 [ 71%]  (Sampling)
Chain 4: Iteration: 5000 / 7000 [ 71%]  (Sampling)
Chain 3: Iteration: 5700 / 7000 [ 81%]  (Sampling)
Chain 2: Iteration: 5700 / 7000 [ 81%]  (Sampling)
Chain 1: Iteration: 5700 / 7000 [ 81%]  (Sampling)
Chain 4: Iteration: 5700 / 7000 [ 81%]  (Sampling)
Chain 3: Iteration: 6400 / 7000 [ 91%]  (Sampling)
Chain 2: Iteration: 6400 / 7000 [ 91%]  (Sampling)
Chain 1: Iteration: 6400 / 7000 [ 91%]  (Sampling)
Chain 4: Iteration: 6400 / 7000 [ 91%]  (Sampling)
Chain 3: Iteration: 7000 / 7000 [100%]  (Sampling)
Chain 3: 
Chain 3:  Elapsed Time: 4012.24 seconds (Warm-up)
Chain 3:                12903.9 seconds (Sampling)
Chain 3:                16916.2 seconds (Total)
Chain 3: 
Chain 2: Iteration: 7000 / 7000 [100%]  (Sampling)
Chain 2: 
Chain 2:  Elapsed Time: 4067.98 seconds (Warm-up)
Chain 2:                13206.8 seconds (Sampling)
Chain 2:                17274.7 seconds (Total)
Chain 2: 
Chain 1: Iteration: 7000 / 7000 [100%]  (Sampling)
Chain 1: 
Chain 1:  Elapsed Time: 4241.35 seconds (Warm-up)
Chain 1:                13150.9 seconds (Sampling)
Chain 1:                17392.2 seconds (Total)
Chain 1: 
Chain 4: Iteration: 7000 / 7000 [100%]  (Sampling)
Chain 4: 
Chain 4:  Elapsed Time: 4209.45 seconds (Warm-up)
Chain 4:                13230 seconds (Sampling)
Chain 4:                17439.4 seconds (Total)
Chain 4: 
     user    system   elapsed 
455541.01  11159.57  17603.33 
Iteration: 1
Iteration: 2
Average number of negative predicted margins per draw: 8386 
Model 2 completed successfully at Mon Jan 19 23:07:10 EST 2026
